Performing C++ SOURCE FILE Test COMPILER_SUPPORT_wd981 failed with the following output:
Change Dir: /home/kperun/Dokumente/SATPraktikum/carl/build/resources/src/EIGEN3_REPO-build/CMakeFiles/CMakeTmp

Run Build Command:"/usr/bin/make" "cmTC_5ef44/fast"
make[3]: Entering directory '/home/kperun/Dokumente/SATPraktikum/carl/build/resources/src/EIGEN3_REPO-build/CMakeFiles/CMakeTmp'
/usr/bin/make -f CMakeFiles/cmTC_5ef44.dir/build.make CMakeFiles/cmTC_5ef44.dir/build
make[4]: Entering directory '/home/kperun/Dokumente/SATPraktikum/carl/build/resources/src/EIGEN3_REPO-build/CMakeFiles/CMakeTmp'
Building CXX object CMakeFiles/cmTC_5ef44.dir/src.cxx.o
/usr/bin/c++     -fexceptions -pedantic -Wall -Wextra -Wundef -Wcast-align -Wchar-subscripts -Wnon-virtual-dtor -Wunused-local-typedefs -Wpointer-arith -Wwrite-strings -Wformat-security -Wno-psabi -Wno-variadic-macros -Wno-long-long -fno-check-new -fno-common -fstrict-aliasing -DCOMPILER_SUPPORT_wd981 -Werror   -wd981 -o CMakeFiles/cmTC_5ef44.dir/src.cxx.o -c /home/kperun/Dokumente/SATPraktikum/carl/build/resources/src/EIGEN3_REPO-build/CMakeFiles/CMakeTmp/src.cxx
c++: error: unrecognized command line option '-wd981'
CMakeFiles/cmTC_5ef44.dir/build.make:65: recipe for target 'CMakeFiles/cmTC_5ef44.dir/src.cxx.o' failed
make[4]: *** [CMakeFiles/cmTC_5ef44.dir/src.cxx.o] Error 1
make[4]: Leaving directory '/home/kperun/Dokumente/SATPraktikum/carl/build/resources/src/EIGEN3_REPO-build/CMakeFiles/CMakeTmp'
Makefile:126: recipe for target 'cmTC_5ef44/fast' failed
make[3]: *** [cmTC_5ef44/fast] Error 2
make[3]: Leaving directory '/home/kperun/Dokumente/SATPraktikum/carl/build/resources/src/EIGEN3_REPO-build/CMakeFiles/CMakeTmp'

Source file was:
int main() { return 0; }
Performing C++ SOURCE FILE Test COMPILER_SUPPORT_wd2304 failed with the following output:
Change Dir: /home/kperun/Dokumente/SATPraktikum/carl/build/resources/src/EIGEN3_REPO-build/CMakeFiles/CMakeTmp

Run Build Command:"/usr/bin/make" "cmTC_eb4c4/fast"
make[3]: Entering directory '/home/kperun/Dokumente/SATPraktikum/carl/build/resources/src/EIGEN3_REPO-build/CMakeFiles/CMakeTmp'
/usr/bin/make -f CMakeFiles/cmTC_eb4c4.dir/build.make CMakeFiles/cmTC_eb4c4.dir/build
make[4]: Entering directory '/home/kperun/Dokumente/SATPraktikum/carl/build/resources/src/EIGEN3_REPO-build/CMakeFiles/CMakeTmp'
Building CXX object CMakeFiles/cmTC_eb4c4.dir/src.cxx.o
/usr/bin/c++     -fexceptions -pedantic -Wall -Wextra -Wundef -Wcast-align -Wchar-subscripts -Wnon-virtual-dtor -Wunused-local-typedefs -Wpointer-arith -Wwrite-strings -Wformat-security -Wno-psabi -Wno-variadic-macros -Wno-long-long -fno-check-new -fno-common -fstrict-aliasing -DCOMPILER_SUPPORT_wd2304 -Werror   -wd2304 -o CMakeFiles/cmTC_eb4c4.dir/src.cxx.o -c /home/kperun/Dokumente/SATPraktikum/carl/build/resources/src/EIGEN3_REPO-build/CMakeFiles/CMakeTmp/src.cxx
c++: error: unrecognized command line option '-wd2304'
CMakeFiles/cmTC_eb4c4.dir/build.make:65: recipe for target 'CMakeFiles/cmTC_eb4c4.dir/src.cxx.o' failed
make[4]: *** [CMakeFiles/cmTC_eb4c4.dir/src.cxx.o] Error 1
make[4]: Leaving directory '/home/kperun/Dokumente/SATPraktikum/carl/build/resources/src/EIGEN3_REPO-build/CMakeFiles/CMakeTmp'
Makefile:126: recipe for target 'cmTC_eb4c4/fast' failed
make[3]: *** [cmTC_eb4c4/fast] Error 2
make[3]: Leaving directory '/home/kperun/Dokumente/SATPraktikum/carl/build/resources/src/EIGEN3_REPO-build/CMakeFiles/CMakeTmp'

Source file was:
int main() { return 0; }
Performing C++ SOURCE FILE Test COMPILER_SUPPORT_STRICTANSI failed with the following output:
Change Dir: /home/kperun/Dokumente/SATPraktikum/carl/build/resources/src/EIGEN3_REPO-build/CMakeFiles/CMakeTmp

Run Build Command:"/usr/bin/make" "cmTC_098fb/fast"
make[3]: Entering directory '/home/kperun/Dokumente/SATPraktikum/carl/build/resources/src/EIGEN3_REPO-build/CMakeFiles/CMakeTmp'
/usr/bin/make -f CMakeFiles/cmTC_098fb.dir/build.make CMakeFiles/cmTC_098fb.dir/build
make[4]: Entering directory '/home/kperun/Dokumente/SATPraktikum/carl/build/resources/src/EIGEN3_REPO-build/CMakeFiles/CMakeTmp'
Building CXX object CMakeFiles/cmTC_098fb.dir/src.cxx.o
/usr/bin/c++     -fexceptions -pedantic -Wall -Wextra -Wundef -Wcast-align -Wchar-subscripts -Wnon-virtual-dtor -Wunused-local-typedefs -Wpointer-arith -Wwrite-strings -Wformat-security -Wno-psabi -Wno-variadic-macros -Wno-long-long -fno-check-new -fno-common -fstrict-aliasing -DCOMPILER_SUPPORT_STRICTANSI -Werror   -strict-ansi -o CMakeFiles/cmTC_098fb.dir/src.cxx.o -c /home/kperun/Dokumente/SATPraktikum/carl/build/resources/src/EIGEN3_REPO-build/CMakeFiles/CMakeTmp/src.cxx
c++: error: unrecognized command line option '-strict-ansi'
CMakeFiles/cmTC_098fb.dir/build.make:65: recipe for target 'CMakeFiles/cmTC_098fb.dir/src.cxx.o' failed
make[4]: *** [CMakeFiles/cmTC_098fb.dir/src.cxx.o] Error 1
make[4]: Leaving directory '/home/kperun/Dokumente/SATPraktikum/carl/build/resources/src/EIGEN3_REPO-build/CMakeFiles/CMakeTmp'
Makefile:126: recipe for target 'cmTC_098fb/fast' failed
make[3]: *** [cmTC_098fb/fast] Error 2
make[3]: Leaving directory '/home/kperun/Dokumente/SATPraktikum/carl/build/resources/src/EIGEN3_REPO-build/CMakeFiles/CMakeTmp'

Source file was:
int main() { return 0; }
Performing C++ SOURCE FILE Test COMPILER_SUPPORT_Qunusedarguments failed with the following output:
Change Dir: /home/kperun/Dokumente/SATPraktikum/carl/build/resources/src/EIGEN3_REPO-build/CMakeFiles/CMakeTmp

Run Build Command:"/usr/bin/make" "cmTC_54a5a/fast"
make[3]: Entering directory '/home/kperun/Dokumente/SATPraktikum/carl/build/resources/src/EIGEN3_REPO-build/CMakeFiles/CMakeTmp'
/usr/bin/make -f CMakeFiles/cmTC_54a5a.dir/build.make CMakeFiles/cmTC_54a5a.dir/build
make[4]: Entering directory '/home/kperun/Dokumente/SATPraktikum/carl/build/resources/src/EIGEN3_REPO-build/CMakeFiles/CMakeTmp'
Building CXX object CMakeFiles/cmTC_54a5a.dir/src.cxx.o
/usr/bin/c++     -fexceptions -pedantic -Wall -Wextra -Wundef -Wcast-align -Wchar-subscripts -Wnon-virtual-dtor -Wunused-local-typedefs -Wpointer-arith -Wwrite-strings -Wformat-security -Wno-psabi -Wno-variadic-macros -Wno-long-long -fno-check-new -fno-common -fstrict-aliasing -DCOMPILER_SUPPORT_Qunusedarguments -Werror   -Qunused-arguments -o CMakeFiles/cmTC_54a5a.dir/src.cxx.o -c /home/kperun/Dokumente/SATPraktikum/carl/build/resources/src/EIGEN3_REPO-build/CMakeFiles/CMakeTmp/src.cxx
c++: error: unrecognized command line option '-Qunused-arguments'
CMakeFiles/cmTC_54a5a.dir/build.make:65: recipe for target 'CMakeFiles/cmTC_54a5a.dir/src.cxx.o' failed
make[4]: *** [CMakeFiles/cmTC_54a5a.dir/src.cxx.o] Error 1
make[4]: Leaving directory '/home/kperun/Dokumente/SATPraktikum/carl/build/resources/src/EIGEN3_REPO-build/CMakeFiles/CMakeTmp'
Makefile:126: recipe for target 'cmTC_54a5a/fast' failed
make[3]: *** [cmTC_54a5a/fast] Error 2
make[3]: Leaving directory '/home/kperun/Dokumente/SATPraktikum/carl/build/resources/src/EIGEN3_REPO-build/CMakeFiles/CMakeTmp'

Source file was:
int main() { return 0; }
Compiling the Fortran compiler identification source file "CMakeFortranCompilerId.F" failed.
Compiler: CMAKE_Fortran_COMPILER-NOTFOUND 
Build flags: 
Id flags: -v

The output was:
No such file or directory


Compiling the Fortran compiler identification source file "CMakeFortranCompilerId.F" failed.
Compiler: CMAKE_Fortran_COMPILER-NOTFOUND 
Build flags: 
Id flags: 

The output was:
No such file or directory


Compiling the Fortran compiler identification source file "CMakeFortranCompilerId.F" failed.
Compiler: CMAKE_Fortran_COMPILER-NOTFOUND 
Build flags: 
Id flags: -c

The output was:
No such file or directory


Compiling the Fortran compiler identification source file "CMakeFortranCompilerId.F" failed.
Compiler: CMAKE_Fortran_COMPILER-NOTFOUND 
Build flags: 
Id flags: -fpp

The output was:
No such file or directory


